<?xml version="1.0" encoding="UTF-8"?>
<!-- Generated by org.testng.reporters.JUnitXMLReporter -->
<testsuite ignored="0" hostname="MBTLT25" failures="0" tests="2" name="Default test(failed)" time="5.631" errors="0" timestamp="2023-11-20T16:10:32 IST">
  <testcase classname="io.cucumber.testng.AbstractTestNGCucumberTests" name="runScenario" time="3.959"/>
  <testcase classname="io.cucumber.testng.AbstractTestNGCucumberTests" name="runScenario" time="5.038"/>
</testsuite> <!-- Default test(failed) -->
