<?xml version="1.0" encoding="UTF-8"?>
<testng-results ignored="0" total="2" passed="2" failed="0" skipped="0">
  <reporter-output>
  </reporter-output>
  <suite started-at="2023-11-21T13:01:22 IST" name="Suite" finished-at="2023-11-21T13:01:35 IST" duration-ms="12610">
    <groups>
      <group name="cucumber">
        <method signature="AbstractTestNGCucumberTests.runScenario(io.cucumber.testng.PickleWrapper,io.cucumber.testng.FeatureWrapper)[pri:0, instance:runner1.Testrunner@239a307b]" name="runScenario" class="io.cucumber.testng.AbstractTestNGCucumberTests"/>
      </group> <!-- cucumber -->
    </groups>
    <test started-at="2023-11-21T13:01:22 IST" name="Test" finished-at="2023-11-21T13:01:35 IST" duration-ms="12610">
      <class name="runner1.Testrunner">
        <test-method is-config="true" signature="setUpClass(org.testng.ITestContext)[pri:0, instance:runner1.Testrunner@239a307b]" started-at="2023-11-21T13:01:22 IST" name="setUpClass" finished-at="2023-11-21T13:01:23 IST" duration-ms="662" status="PASS">
          <params>
            <param index="0">
              <value>
                <![CDATA[org.testng.TestRunner@41ef1ea2]]>
              </value>
            </param>
          </params>
          <reporter-output>
          </reporter-output>
        </test-method> <!-- setUpClass -->
        <test-method signature="runScenario(io.cucumber.testng.PickleWrapper,io.cucumber.testng.FeatureWrapper)[pri:0, instance:runner1.Testrunner@239a307b]" started-at="2023-11-21T13:01:23 IST" name="runScenario" description="Runs Cucumber Scenarios" data-provider="scenarios" finished-at="2023-11-21T13:01:32 IST" duration-ms="9058" status="PASS">
          <params>
            <param index="0">
              <value>
                <![CDATA["To assert Flipkart title page"]]>
              </value>
            </param>
            <param index="1">
              <value>
                <![CDATA["To Check Flipkart Page"]]>
              </value>
            </param>
          </params>
          <reporter-output>
          </reporter-output>
        </test-method> <!-- runScenario -->
        <test-method signature="runScenario(io.cucumber.testng.PickleWrapper,io.cucumber.testng.FeatureWrapper)[pri:0, instance:runner1.Testrunner@239a307b]" started-at="2023-11-21T13:01:23 IST" name="runScenario" description="Runs Cucumber Scenarios" data-provider="scenarios" finished-at="2023-11-21T13:01:29 IST" duration-ms="6004" status="PASS">
          <params>
            <param index="0">
              <value>
                <![CDATA["To assert google title page"]]>
              </value>
            </param>
            <param index="1">
              <value>
                <![CDATA["To Check Google Page"]]>
              </value>
            </param>
          </params>
          <reporter-output>
          </reporter-output>
        </test-method> <!-- runScenario -->
        <test-method is-config="true" signature="tearDownClass()[pri:0, instance:runner1.Testrunner@239a307b]" started-at="2023-11-21T13:01:32 IST" name="tearDownClass" finished-at="2023-11-21T13:01:35 IST" duration-ms="2826" status="PASS">
          <reporter-output>
          </reporter-output>
        </test-method> <!-- tearDownClass -->
      </class> <!-- runner1.Testrunner -->
    </test> <!-- Test -->
  </suite> <!-- Suite -->
</testng-results>
